STAR version=2.7.10b
STAR compilation time,server,dir=2022-11-01T09:53:26-04:00 :/home/dobin/data/STAR/STARcode/STAR.master/source
STAR git: On branch master ; commit c6f8efc2c7043ef83bf8b0d9bed36bbb6b9b1133 ; diff files: CHANGES.md 
##### Command Line:
STAR --runMode genomeGenerate --genomeDir /genome_dir/genome_build/ --genomeFastaFiles /genome_dir/Homo_sapiens.GRCh38.dna_sm.primary_assembly.fa --sjdbGTFfile /genome_dir/Homo_sapiens.GRCh38.108.filtered.gtf --sjdbOverhang 149 --runThreadN 16
##### Initial USER parameters from Command Line:
###### All USER parameters from Command Line:
runMode                       genomeGenerate        ~RE-DEFINED
genomeDir                     /genome_dir/genome_build/     ~RE-DEFINED
genomeFastaFiles              /genome_dir/Homo_sapiens.GRCh38.dna_sm.primary_assembly.fa        ~RE-DEFINED
sjdbGTFfile                   /genome_dir/Homo_sapiens.GRCh38.108.filtered.gtf     ~RE-DEFINED
sjdbOverhang                  149     ~RE-DEFINED
runThreadN                    16     ~RE-DEFINED
##### Finished reading parameters from all sources

##### Final user re-defined parameters-----------------:
runMode                           genomeGenerate   
runThreadN                        16
genomeDir                         /genome_dir/genome_build/
genomeFastaFiles                  /genome_dir/Homo_sapiens.GRCh38.dna_sm.primary_assembly.fa   
sjdbGTFfile                       /genome_dir/Homo_sapiens.GRCh38.108.filtered.gtf
sjdbOverhang                      149

-------------------------------
##### Final effective command line:
STAR   --runMode genomeGenerate      --runThreadN 16   --genomeDir /genome_dir/genome_build/   --genomeFastaFiles /genome_dir/Homo_sapiens.GRCh38.dna_sm.primary_assembly.fa      --sjdbGTFfile /genome_dir/Homo_sapiens.GRCh38.108.filtered.gtf   --sjdbOverhang 149
----------------------------------------

Number of fastq files for each mate = 1
ParametersSolo: --soloCellFilterType CellRanger2.2 filtering parameters:  3000 0.99 10
Finished loading and checking parameters
--genomeDir directory exists and will be overwritten: /genome_dir/genome_build/
!!!!! WARNING: Could not move Log.out file from ./Log.out into /genome_dir/genome_build/Log.out. Will keep ./Log.out

Aug 01 12:47:36 ... starting to generate Genome files
/genome_dir/Homo_sapiens.GRCh38.dna_sm.primary_assembly.fa : chr # 0  "1" chrStart: 0
/genome_dir/Homo_sapiens.GRCh38.dna_sm.primary_assembly.fa : chr # 1  "10" chrStart: 249036800
/genome_dir/Homo_sapiens.GRCh38.dna_sm.primary_assembly.fa : chr # 2  "11" chrStart: 382992384
/genome_dir/Homo_sapiens.GRCh38.dna_sm.primary_assembly.fa : chr # 3  "12" chrStart: 518258688
/genome_dir/Homo_sapiens.GRCh38.dna_sm.primary_assembly.fa : chr # 4  "13" chrStart: 651689984
/genome_dir/Homo_sapiens.GRCh38.dna_sm.primary_assembly.fa : chr # 5  "14" chrStart: 766246912
/genome_dir/Homo_sapiens.GRCh38.dna_sm.primary_assembly.fa : chr # 6  "15" chrStart: 873463808
/genome_dir/Homo_sapiens.GRCh38.dna_sm.primary_assembly.fa : chr # 7  "16" chrStart: 975699968
/genome_dir/Homo_sapiens.GRCh38.dna_sm.primary_assembly.fa : chr # 8  "17" chrStart: 1066139648
/genome_dir/Homo_sapiens.GRCh38.dna_sm.primary_assembly.fa : chr # 9  "18" chrStart: 1149501440
/genome_dir/Homo_sapiens.GRCh38.dna_sm.primary_assembly.fa : chr # 10  "19" chrStart: 1229979648
/genome_dir/Homo_sapiens.GRCh38.dna_sm.primary_assembly.fa : chr # 11  "2" chrStart: 1288699904
/genome_dir/Homo_sapiens.GRCh38.dna_sm.primary_assembly.fa : chr # 12  "20" chrStart: 1530920960
/genome_dir/Homo_sapiens.GRCh38.dna_sm.primary_assembly.fa : chr # 13  "21" chrStart: 1595408384
/genome_dir/Homo_sapiens.GRCh38.dna_sm.primary_assembly.fa : chr # 14  "22" chrStart: 1642332160
/genome_dir/Homo_sapiens.GRCh38.dna_sm.primary_assembly.fa : chr # 15  "3" chrStart: 1693188096
/genome_dir/Homo_sapiens.GRCh38.dna_sm.primary_assembly.fa : chr # 16  "4" chrStart: 1891631104
/genome_dir/Homo_sapiens.GRCh38.dna_sm.primary_assembly.fa : chr # 17  "5" chrStart: 2081947648
/genome_dir/Homo_sapiens.GRCh38.dna_sm.primary_assembly.fa : chr # 18  "6" chrStart: 2263613440
/genome_dir/Homo_sapiens.GRCh38.dna_sm.primary_assembly.fa : chr # 19  "7" chrStart: 2434531328
/genome_dir/Homo_sapiens.GRCh38.dna_sm.primary_assembly.fa : chr # 20  "8" chrStart: 2593914880
/genome_dir/Homo_sapiens.GRCh38.dna_sm.primary_assembly.fa : chr # 21  "9" chrStart: 2739142656
/genome_dir/Homo_sapiens.GRCh38.dna_sm.primary_assembly.fa : chr # 22  "MT" chrStart: 2877554688
/genome_dir/Homo_sapiens.GRCh38.dna_sm.primary_assembly.fa : chr # 23  "X" chrStart: 2877816832
/genome_dir/Homo_sapiens.GRCh38.dna_sm.primary_assembly.fa : chr # 24  "Y" chrStart: 3034054656
/genome_dir/Homo_sapiens.GRCh38.dna_sm.primary_assembly.fa : chr # 25  "KI270728.1" chrStart: 3091464192
/genome_dir/Homo_sapiens.GRCh38.dna_sm.primary_assembly.fa : chr # 26  "KI270727.1" chrStart: 3093561344
/genome_dir/Homo_sapiens.GRCh38.dna_sm.primary_assembly.fa : chr # 27  "KI270442.1" chrStart: 3094085632
/genome_dir/Homo_sapiens.GRCh38.dna_sm.primary_assembly.fa : chr # 28  "KI270729.1" chrStart: 3094609920
/genome_dir/Homo_sapiens.GRCh38.dna_sm.primary_assembly.fa : chr # 29  "GL000225.1" chrStart: 3095134208
/genome_dir/Homo_sapiens.GRCh38.dna_sm.primary_assembly.fa : chr # 30  "KI270743.1" chrStart: 3095396352
/genome_dir/Homo_sapiens.GRCh38.dna_sm.primary_assembly.fa : chr # 31  "GL000008.2" chrStart: 3095658496
/genome_dir/Homo_sapiens.GRCh38.dna_sm.primary_assembly.fa : chr # 32  "GL000009.2" chrStart: 3095920640
/genome_dir/Homo_sapiens.GRCh38.dna_sm.primary_assembly.fa : chr # 33  "KI270747.1" chrStart: 3096182784
/genome_dir/Homo_sapiens.GRCh38.dna_sm.primary_assembly.fa : chr # 34  "KI270722.1" chrStart: 3096444928
/genome_dir/Homo_sapiens.GRCh38.dna_sm.primary_assembly.fa : chr # 35  "GL000194.1" chrStart: 3096707072
/genome_dir/Homo_sapiens.GRCh38.dna_sm.primary_assembly.fa : chr # 36  "KI270742.1" chrStart: 3096969216
/genome_dir/Homo_sapiens.GRCh38.dna_sm.primary_assembly.fa : chr # 37  "GL000205.2" chrStart: 3097231360
/genome_dir/Homo_sapiens.GRCh38.dna_sm.primary_assembly.fa : chr # 38  "GL000195.1" chrStart: 3097493504
/genome_dir/Homo_sapiens.GRCh38.dna_sm.primary_assembly.fa : chr # 39  "KI270736.1" chrStart: 3097755648
/genome_dir/Homo_sapiens.GRCh38.dna_sm.primary_assembly.fa : chr # 40  "KI270733.1" chrStart: 3098017792
/genome_dir/Homo_sapiens.GRCh38.dna_sm.primary_assembly.fa : chr # 41  "GL000224.1" chrStart: 3098279936
/genome_dir/Homo_sapiens.GRCh38.dna_sm.primary_assembly.fa : chr # 42  "GL000219.1" chrStart: 3098542080
/genome_dir/Homo_sapiens.GRCh38.dna_sm.primary_assembly.fa : chr # 43  "KI270719.1" chrStart: 3098804224
/genome_dir/Homo_sapiens.GRCh38.dna_sm.primary_assembly.fa : chr # 44  "GL000216.2" chrStart: 3099066368
/genome_dir/Homo_sapiens.GRCh38.dna_sm.primary_assembly.fa : chr # 45  "KI270712.1" chrStart: 3099328512
/genome_dir/Homo_sapiens.GRCh38.dna_sm.primary_assembly.fa : chr # 46  "KI270706.1" chrStart: 3099590656
/genome_dir/Homo_sapiens.GRCh38.dna_sm.primary_assembly.fa : chr # 47  "KI270725.1" chrStart: 3099852800
/genome_dir/Homo_sapiens.GRCh38.dna_sm.primary_assembly.fa : chr # 48  "KI270744.1" chrStart: 3100114944
/genome_dir/Homo_sapiens.GRCh38.dna_sm.primary_assembly.fa : chr # 49  "KI270734.1" chrStart: 3100377088
/genome_dir/Homo_sapiens.GRCh38.dna_sm.primary_assembly.fa : chr # 50  "GL000213.1" chrStart: 3100639232
/genome_dir/Homo_sapiens.GRCh38.dna_sm.primary_assembly.fa : chr # 51  "GL000220.1" chrStart: 3100901376
/genome_dir/Homo_sapiens.GRCh38.dna_sm.primary_assembly.fa : chr # 52  "KI270715.1" chrStart: 3101163520
/genome_dir/Homo_sapiens.GRCh38.dna_sm.primary_assembly.fa : chr # 53  "GL000218.1" chrStart: 3101425664
/genome_dir/Homo_sapiens.GRCh38.dna_sm.primary_assembly.fa : chr # 54  "KI270749.1" chrStart: 3101687808
/genome_dir/Homo_sapiens.GRCh38.dna_sm.primary_assembly.fa : chr # 55  "KI270741.1" chrStart: 3101949952
/genome_dir/Homo_sapiens.GRCh38.dna_sm.primary_assembly.fa : chr # 56  "GL000221.1" chrStart: 3102212096
/genome_dir/Homo_sapiens.GRCh38.dna_sm.primary_assembly.fa : chr # 57  "KI270716.1" chrStart: 3102474240
/genome_dir/Homo_sapiens.GRCh38.dna_sm.primary_assembly.fa : chr # 58  "KI270731.1" chrStart: 3102736384
/genome_dir/Homo_sapiens.GRCh38.dna_sm.primary_assembly.fa : chr # 59  "KI270751.1" chrStart: 3102998528
/genome_dir/Homo_sapiens.GRCh38.dna_sm.primary_assembly.fa : chr # 60  "KI270750.1" chrStart: 3103260672
/genome_dir/Homo_sapiens.GRCh38.dna_sm.primary_assembly.fa : chr # 61  "KI270519.1" chrStart: 3103522816
/genome_dir/Homo_sapiens.GRCh38.dna_sm.primary_assembly.fa : chr # 62  "GL000214.1" chrStart: 3103784960
/genome_dir/Homo_sapiens.GRCh38.dna_sm.primary_assembly.fa : chr # 63  "KI270708.1" chrStart: 3104047104
/genome_dir/Homo_sapiens.GRCh38.dna_sm.primary_assembly.fa : chr # 64  "KI270730.1" chrStart: 3104309248
/genome_dir/Homo_sapiens.GRCh38.dna_sm.primary_assembly.fa : chr # 65  "KI270438.1" chrStart: 3104571392
/genome_dir/Homo_sapiens.GRCh38.dna_sm.primary_assembly.fa : chr # 66  "KI270737.1" chrStart: 3104833536
/genome_dir/Homo_sapiens.GRCh38.dna_sm.primary_assembly.fa : chr # 67  "KI270721.1" chrStart: 3105095680
/genome_dir/Homo_sapiens.GRCh38.dna_sm.primary_assembly.fa : chr # 68  "KI270738.1" chrStart: 3105357824
/genome_dir/Homo_sapiens.GRCh38.dna_sm.primary_assembly.fa : chr # 69  "KI270748.1" chrStart: 3105619968
/genome_dir/Homo_sapiens.GRCh38.dna_sm.primary_assembly.fa : chr # 70  "KI270435.1" chrStart: 3105882112
/genome_dir/Homo_sapiens.GRCh38.dna_sm.primary_assembly.fa : chr # 71  "GL000208.1" chrStart: 3106144256
/genome_dir/Homo_sapiens.GRCh38.dna_sm.primary_assembly.fa : chr # 72  "KI270538.1" chrStart: 3106406400
/genome_dir/Homo_sapiens.GRCh38.dna_sm.primary_assembly.fa : chr # 73  "KI270756.1" chrStart: 3106668544
/genome_dir/Homo_sapiens.GRCh38.dna_sm.primary_assembly.fa : chr # 74  "KI270739.1" chrStart: 3106930688
/genome_dir/Homo_sapiens.GRCh38.dna_sm.primary_assembly.fa : chr # 75  "KI270757.1" chrStart: 3107192832
/genome_dir/Homo_sapiens.GRCh38.dna_sm.primary_assembly.fa : chr # 76  "KI270709.1" chrStart: 3107454976
/genome_dir/Homo_sapiens.GRCh38.dna_sm.primary_assembly.fa : chr # 77  "KI270746.1" chrStart: 3107717120
/genome_dir/Homo_sapiens.GRCh38.dna_sm.primary_assembly.fa : chr # 78  "KI270753.1" chrStart: 3107979264
/genome_dir/Homo_sapiens.GRCh38.dna_sm.primary_assembly.fa : chr # 79  "KI270589.1" chrStart: 3108241408
/genome_dir/Homo_sapiens.GRCh38.dna_sm.primary_assembly.fa : chr # 80  "KI270726.1" chrStart: 3108503552
/genome_dir/Homo_sapiens.GRCh38.dna_sm.primary_assembly.fa : chr # 81  "KI270735.1" chrStart: 3108765696
/genome_dir/Homo_sapiens.GRCh38.dna_sm.primary_assembly.fa : chr # 82  "KI270711.1" chrStart: 3109027840
/genome_dir/Homo_sapiens.GRCh38.dna_sm.primary_assembly.fa : chr # 83  "KI270745.1" chrStart: 3109289984
/genome_dir/Homo_sapiens.GRCh38.dna_sm.primary_assembly.fa : chr # 84  "KI270714.1" chrStart: 3109552128
/genome_dir/Homo_sapiens.GRCh38.dna_sm.primary_assembly.fa : chr # 85  "KI270732.1" chrStart: 3109814272
/genome_dir/Homo_sapiens.GRCh38.dna_sm.primary_assembly.fa : chr # 86  "KI270713.1" chrStart: 3110076416
/genome_dir/Homo_sapiens.GRCh38.dna_sm.primary_assembly.fa : chr # 87  "KI270754.1" chrStart: 3110338560
/genome_dir/Homo_sapiens.GRCh38.dna_sm.primary_assembly.fa : chr # 88  "KI270710.1" chrStart: 3110600704
/genome_dir/Homo_sapiens.GRCh38.dna_sm.primary_assembly.fa : chr # 89  "KI270717.1" chrStart: 3110862848
/genome_dir/Homo_sapiens.GRCh38.dna_sm.primary_assembly.fa : chr # 90  "KI270724.1" chrStart: 3111124992
/genome_dir/Homo_sapiens.GRCh38.dna_sm.primary_assembly.fa : chr # 91  "KI270720.1" chrStart: 3111387136
/genome_dir/Homo_sapiens.GRCh38.dna_sm.primary_assembly.fa : chr # 92  "KI270723.1" chrStart: 3111649280
/genome_dir/Homo_sapiens.GRCh38.dna_sm.primary_assembly.fa : chr # 93  "KI270718.1" chrStart: 3111911424
/genome_dir/Homo_sapiens.GRCh38.dna_sm.primary_assembly.fa : chr # 94  "KI270317.1" chrStart: 3112173568
/genome_dir/Homo_sapiens.GRCh38.dna_sm.primary_assembly.fa : chr # 95  "KI270740.1" chrStart: 3112435712
/genome_dir/Homo_sapiens.GRCh38.dna_sm.primary_assembly.fa : chr # 96  "KI270755.1" chrStart: 3112697856
/genome_dir/Homo_sapiens.GRCh38.dna_sm.primary_assembly.fa : chr # 97  "KI270707.1" chrStart: 3112960000
/genome_dir/Homo_sapiens.GRCh38.dna_sm.primary_assembly.fa : chr # 98  "KI270579.1" chrStart: 3113222144
/genome_dir/Homo_sapiens.GRCh38.dna_sm.primary_assembly.fa : chr # 99  "KI270752.1" chrStart: 3113484288
/genome_dir/Homo_sapiens.GRCh38.dna_sm.primary_assembly.fa : chr # 100  "KI270512.1" chrStart: 3113746432
/genome_dir/Homo_sapiens.GRCh38.dna_sm.primary_assembly.fa : chr # 101  "KI270322.1" chrStart: 3114008576
/genome_dir/Homo_sapiens.GRCh38.dna_sm.primary_assembly.fa : chr # 102  "GL000226.1" chrStart: 3114270720
/genome_dir/Homo_sapiens.GRCh38.dna_sm.primary_assembly.fa : chr # 103  "KI270311.1" chrStart: 3114532864
/genome_dir/Homo_sapiens.GRCh38.dna_sm.primary_assembly.fa : chr # 104  "KI270366.1" chrStart: 3114795008
/genome_dir/Homo_sapiens.GRCh38.dna_sm.primary_assembly.fa : chr # 105  "KI270511.1" chrStart: 3115057152
/genome_dir/Homo_sapiens.GRCh38.dna_sm.primary_assembly.fa : chr # 106  "KI270448.1" chrStart: 3115319296
/genome_dir/Homo_sapiens.GRCh38.dna_sm.primary_assembly.fa : chr # 107  "KI270521.1" chrStart: 3115581440
/genome_dir/Homo_sapiens.GRCh38.dna_sm.primary_assembly.fa : chr # 108  "KI270581.1" chrStart: 3115843584
/genome_dir/Homo_sapiens.GRCh38.dna_sm.primary_assembly.fa : chr # 109  "KI270582.1" chrStart: 3116105728
/genome_dir/Homo_sapiens.GRCh38.dna_sm.primary_assembly.fa : chr # 110  "KI270515.1" chrStart: 3116367872
/genome_dir/Homo_sapiens.GRCh38.dna_sm.primary_assembly.fa : chr # 111  "KI270588.1" chrStart: 3116630016
/genome_dir/Homo_sapiens.GRCh38.dna_sm.primary_assembly.fa : chr # 112  "KI270591.1" chrStart: 3116892160
/genome_dir/Homo_sapiens.GRCh38.dna_sm.primary_assembly.fa : chr # 113  "KI270522.1" chrStart: 3117154304
/genome_dir/Homo_sapiens.GRCh38.dna_sm.primary_assembly.fa : chr # 114  "KI270507.1" chrStart: 3117416448
/genome_dir/Homo_sapiens.GRCh38.dna_sm.primary_assembly.fa : chr # 115  "KI270590.1" chrStart: 3117678592
/genome_dir/Homo_sapiens.GRCh38.dna_sm.primary_assembly.fa : chr # 116  "KI270584.1" chrStart: 3117940736
/genome_dir/Homo_sapiens.GRCh38.dna_sm.primary_assembly.fa : chr # 117  "KI270320.1" chrStart: 3118202880
/genome_dir/Homo_sapiens.GRCh38.dna_sm.primary_assembly.fa : chr # 118  "KI270382.1" chrStart: 3118465024
/genome_dir/Homo_sapiens.GRCh38.dna_sm.primary_assembly.fa : chr # 119  "KI270468.1" chrStart: 3118727168
/genome_dir/Homo_sapiens.GRCh38.dna_sm.primary_assembly.fa : chr # 120  "KI270467.1" chrStart: 3118989312
/genome_dir/Homo_sapiens.GRCh38.dna_sm.primary_assembly.fa : chr # 121  "KI270362.1" chrStart: 3119251456
/genome_dir/Homo_sapiens.GRCh38.dna_sm.primary_assembly.fa : chr # 122  "KI270517.1" chrStart: 3119513600
/genome_dir/Homo_sapiens.GRCh38.dna_sm.primary_assembly.fa : chr # 123  "KI270593.1" chrStart: 3119775744
/genome_dir/Homo_sapiens.GRCh38.dna_sm.primary_assembly.fa : chr # 124  "KI270528.1" chrStart: 3120037888
/genome_dir/Homo_sapiens.GRCh38.dna_sm.primary_assembly.fa : chr # 125  "KI270587.1" chrStart: 3120300032
/genome_dir/Homo_sapiens.GRCh38.dna_sm.primary_assembly.fa : chr # 126  "KI270364.1" chrStart: 3120562176
/genome_dir/Homo_sapiens.GRCh38.dna_sm.primary_assembly.fa : chr # 127  "KI270371.1" chrStart: 3120824320
/genome_dir/Homo_sapiens.GRCh38.dna_sm.primary_assembly.fa : chr # 128  "KI270333.1" chrStart: 3121086464
/genome_dir/Homo_sapiens.GRCh38.dna_sm.primary_assembly.fa : chr # 129  "KI270374.1" chrStart: 3121348608
/genome_dir/Homo_sapiens.GRCh38.dna_sm.primary_assembly.fa : chr # 130  "KI270411.1" chrStart: 3121610752
/genome_dir/Homo_sapiens.GRCh38.dna_sm.primary_assembly.fa : chr # 131  "KI270414.1" chrStart: 3121872896
/genome_dir/Homo_sapiens.GRCh38.dna_sm.primary_assembly.fa : chr # 132  "KI270510.1" chrStart: 3122135040
/genome_dir/Homo_sapiens.GRCh38.dna_sm.primary_assembly.fa : chr # 133  "KI270390.1" chrStart: 3122397184
/genome_dir/Homo_sapiens.GRCh38.dna_sm.primary_assembly.fa : chr # 134  "KI270375.1" chrStart: 3122659328
/genome_dir/Homo_sapiens.GRCh38.dna_sm.primary_assembly.fa : chr # 135  "KI270420.1" chrStart: 3122921472
/genome_dir/Homo_sapiens.GRCh38.dna_sm.primary_assembly.fa : chr # 136  "KI270509.1" chrStart: 3123183616
/genome_dir/Homo_sapiens.GRCh38.dna_sm.primary_assembly.fa : chr # 137  "KI270315.1" chrStart: 3123445760
/genome_dir/Homo_sapiens.GRCh38.dna_sm.primary_assembly.fa : chr # 138  "KI270302.1" chrStart: 3123707904
/genome_dir/Homo_sapiens.GRCh38.dna_sm.primary_assembly.fa : chr # 139  "KI270518.1" chrStart: 3123970048
/genome_dir/Homo_sapiens.GRCh38.dna_sm.primary_assembly.fa : chr # 140  "KI270530.1" chrStart: 3124232192
/genome_dir/Homo_sapiens.GRCh38.dna_sm.primary_assembly.fa : chr # 141  "KI270304.1" chrStart: 3124494336
/genome_dir/Homo_sapiens.GRCh38.dna_sm.primary_assembly.fa : chr # 142  "KI270418.1" chrStart: 3124756480
/genome_dir/Homo_sapiens.GRCh38.dna_sm.primary_assembly.fa : chr # 143  "KI270424.1" chrStart: 3125018624
/genome_dir/Homo_sapiens.GRCh38.dna_sm.primary_assembly.fa : chr # 144  "KI270417.1" chrStart: 3125280768
/genome_dir/Homo_sapiens.GRCh38.dna_sm.primary_assembly.fa : chr # 145  "KI270508.1" chrStart: 3125542912
/genome_dir/Homo_sapiens.GRCh38.dna_sm.primary_assembly.fa : chr # 146  "KI270303.1" chrStart: 3125805056
/genome_dir/Homo_sapiens.GRCh38.dna_sm.primary_assembly.fa : chr # 147  "KI270381.1" chrStart: 3126067200
/genome_dir/Homo_sapiens.GRCh38.dna_sm.primary_assembly.fa : chr # 148  "KI270529.1" chrStart: 3126329344
/genome_dir/Homo_sapiens.GRCh38.dna_sm.primary_assembly.fa : chr # 149  "KI270425.1" chrStart: 3126591488
/genome_dir/Homo_sapiens.GRCh38.dna_sm.primary_assembly.fa : chr # 150  "KI270396.1" chrStart: 3126853632
/genome_dir/Homo_sapiens.GRCh38.dna_sm.primary_assembly.fa : chr # 151  "KI270363.1" chrStart: 3127115776
/genome_dir/Homo_sapiens.GRCh38.dna_sm.primary_assembly.fa : chr # 152  "KI270386.1" chrStart: 3127377920
/genome_dir/Homo_sapiens.GRCh38.dna_sm.primary_assembly.fa : chr # 153  "KI270465.1" chrStart: 3127640064
/genome_dir/Homo_sapiens.GRCh38.dna_sm.primary_assembly.fa : chr # 154  "KI270383.1" chrStart: 3127902208
/genome_dir/Homo_sapiens.GRCh38.dna_sm.primary_assembly.fa : chr # 155  "KI270384.1" chrStart: 3128164352
/genome_dir/Homo_sapiens.GRCh38.dna_sm.primary_assembly.fa : chr # 156  "KI270330.1" chrStart: 3128426496
/genome_dir/Homo_sapiens.GRCh38.dna_sm.primary_assembly.fa : chr # 157  "KI270372.1" chrStart: 3128688640
/genome_dir/Homo_sapiens.GRCh38.dna_sm.primary_assembly.fa : chr # 158  "KI270548.1" chrStart: 3128950784
/genome_dir/Homo_sapiens.GRCh38.dna_sm.primary_assembly.fa : chr # 159  "KI270580.1" chrStart: 3129212928
/genome_dir/Homo_sapiens.GRCh38.dna_sm.primary_assembly.fa : chr # 160  "KI270387.1" chrStart: 3129475072
/genome_dir/Homo_sapiens.GRCh38.dna_sm.primary_assembly.fa : chr # 161  "KI270391.1" chrStart: 3129737216
/genome_dir/Homo_sapiens.GRCh38.dna_sm.primary_assembly.fa : chr # 162  "KI270305.1" chrStart: 3129999360
/genome_dir/Homo_sapiens.GRCh38.dna_sm.primary_assembly.fa : chr # 163  "KI270373.1" chrStart: 3130261504
/genome_dir/Homo_sapiens.GRCh38.dna_sm.primary_assembly.fa : chr # 164  "KI270422.1" chrStart: 3130523648
/genome_dir/Homo_sapiens.GRCh38.dna_sm.primary_assembly.fa : chr # 165  "KI270316.1" chrStart: 3130785792
/genome_dir/Homo_sapiens.GRCh38.dna_sm.primary_assembly.fa : chr # 166  "KI270340.1" chrStart: 3131047936
/genome_dir/Homo_sapiens.GRCh38.dna_sm.primary_assembly.fa : chr # 167  "KI270338.1" chrStart: 3131310080
/genome_dir/Homo_sapiens.GRCh38.dna_sm.primary_assembly.fa : chr # 168  "KI270583.1" chrStart: 3131572224
/genome_dir/Homo_sapiens.GRCh38.dna_sm.primary_assembly.fa : chr # 169  "KI270334.1" chrStart: 3131834368
/genome_dir/Homo_sapiens.GRCh38.dna_sm.primary_assembly.fa : chr # 170  "KI270429.1" chrStart: 3132096512
/genome_dir/Homo_sapiens.GRCh38.dna_sm.primary_assembly.fa : chr # 171  "KI270393.1" chrStart: 3132358656
/genome_dir/Homo_sapiens.GRCh38.dna_sm.primary_assembly.fa : chr # 172  "KI270516.1" chrStart: 3132620800
/genome_dir/Homo_sapiens.GRCh38.dna_sm.primary_assembly.fa : chr # 173  "KI270389.1" chrStart: 3132882944
/genome_dir/Homo_sapiens.GRCh38.dna_sm.primary_assembly.fa : chr # 174  "KI270466.1" chrStart: 3133145088
/genome_dir/Homo_sapiens.GRCh38.dna_sm.primary_assembly.fa : chr # 175  "KI270388.1" chrStart: 3133407232
/genome_dir/Homo_sapiens.GRCh38.dna_sm.primary_assembly.fa : chr # 176  "KI270544.1" chrStart: 3133669376
/genome_dir/Homo_sapiens.GRCh38.dna_sm.primary_assembly.fa : chr # 177  "KI270310.1" chrStart: 3133931520
/genome_dir/Homo_sapiens.GRCh38.dna_sm.primary_assembly.fa : chr # 178  "KI270412.1" chrStart: 3134193664
/genome_dir/Homo_sapiens.GRCh38.dna_sm.primary_assembly.fa : chr # 179  "KI270395.1" chrStart: 3134455808
/genome_dir/Homo_sapiens.GRCh38.dna_sm.primary_assembly.fa : chr # 180  "KI270376.1" chrStart: 3134717952
/genome_dir/Homo_sapiens.GRCh38.dna_sm.primary_assembly.fa : chr # 181  "KI270337.1" chrStart: 3134980096
/genome_dir/Homo_sapiens.GRCh38.dna_sm.primary_assembly.fa : chr # 182  "KI270335.1" chrStart: 3135242240
/genome_dir/Homo_sapiens.GRCh38.dna_sm.primary_assembly.fa : chr # 183  "KI270378.1" chrStart: 3135504384
/genome_dir/Homo_sapiens.GRCh38.dna_sm.primary_assembly.fa : chr # 184  "KI270379.1" chrStart: 3135766528
/genome_dir/Homo_sapiens.GRCh38.dna_sm.primary_assembly.fa : chr # 185  "KI270329.1" chrStart: 3136028672
/genome_dir/Homo_sapiens.GRCh38.dna_sm.primary_assembly.fa : chr # 186  "KI270419.1" chrStart: 3136290816
/genome_dir/Homo_sapiens.GRCh38.dna_sm.primary_assembly.fa : chr # 187  "KI270336.1" chrStart: 3136552960
/genome_dir/Homo_sapiens.GRCh38.dna_sm.primary_assembly.fa : chr # 188  "KI270312.1" chrStart: 3136815104
/genome_dir/Homo_sapiens.GRCh38.dna_sm.primary_assembly.fa : chr # 189  "KI270539.1" chrStart: 3137077248
/genome_dir/Homo_sapiens.GRCh38.dna_sm.primary_assembly.fa : chr # 190  "KI270385.1" chrStart: 3137339392
/genome_dir/Homo_sapiens.GRCh38.dna_sm.primary_assembly.fa : chr # 191  "KI270423.1" chrStart: 3137601536
/genome_dir/Homo_sapiens.GRCh38.dna_sm.primary_assembly.fa : chr # 192  "KI270392.1" chrStart: 3137863680
/genome_dir/Homo_sapiens.GRCh38.dna_sm.primary_assembly.fa : chr # 193  "KI270394.1" chrStart: 3138125824
Chromosome sequence lengths: 
1	248956422
10	133797422
11	135086622
12	133275309
13	114364328
14	107043718
15	101991189
16	90338345
17	83257441
18	80373285
19	58617616
2	242193529
20	64444167
21	46709983
22	50818468
3	198295559
4	190214555
5	181538259
6	170805979
7	159345973
8	145138636
9	138394717
MT	16569
X	156040895
Y	57227415
KI270728.1	1872759
KI270727.1	448248
KI270442.1	392061
KI270729.1	280839
GL000225.1	211173
KI270743.1	210658
GL000008.2	209709
GL000009.2	201709
KI270747.1	198735
KI270722.1	194050
GL000194.1	191469
KI270742.1	186739
GL000205.2	185591
GL000195.1	182896
KI270736.1	181920
KI270733.1	179772
GL000224.1	179693
GL000219.1	179198
KI270719.1	176845
GL000216.2	176608
KI270712.1	176043
KI270706.1	175055
KI270725.1	172810
KI270744.1	168472
KI270734.1	165050
GL000213.1	164239
GL000220.1	161802
KI270715.1	161471
GL000218.1	161147
KI270749.1	158759
KI270741.1	157432
GL000221.1	155397
KI270716.1	153799
KI270731.1	150754
KI270751.1	150742
KI270750.1	148850
KI270519.1	138126
GL000214.1	137718
KI270708.1	127682
KI270730.1	112551
KI270438.1	112505
KI270737.1	103838
KI270721.1	100316
KI270738.1	99375
KI270748.1	93321
KI270435.1	92983
GL000208.1	92689
KI270538.1	91309
KI270756.1	79590
KI270739.1	73985
KI270757.1	71251
KI270709.1	66860
KI270746.1	66486
KI270753.1	62944
KI270589.1	44474
KI270726.1	43739
KI270735.1	42811
KI270711.1	42210
KI270745.1	41891
KI270714.1	41717
KI270732.1	41543
KI270713.1	40745
KI270754.1	40191
KI270710.1	40176
KI270717.1	40062
KI270724.1	39555
KI270720.1	39050
KI270723.1	38115
KI270718.1	38054
KI270317.1	37690
KI270740.1	37240
KI270755.1	36723
KI270707.1	32032
KI270579.1	31033
KI270752.1	27745
KI270512.1	22689
KI270322.1	21476
GL000226.1	15008
KI270311.1	12399
KI270366.1	8320
KI270511.1	8127
KI270448.1	7992
KI270521.1	7642
KI270581.1	7046
KI270582.1	6504
KI270515.1	6361
KI270588.1	6158
KI270591.1	5796
KI270522.1	5674
KI270507.1	5353
KI270590.1	4685
KI270584.1	4513
KI270320.1	4416
KI270382.1	4215
KI270468.1	4055
KI270467.1	3920
KI270362.1	3530
KI270517.1	3253
KI270593.1	3041
KI270528.1	2983
KI270587.1	2969
KI270364.1	2855
KI270371.1	2805
KI270333.1	2699
KI270374.1	2656
KI270411.1	2646
KI270414.1	2489
KI270510.1	2415
KI270390.1	2387
KI270375.1	2378
KI270420.1	2321
KI270509.1	2318
KI270315.1	2276
KI270302.1	2274
KI270518.1	2186
KI270530.1	2168
KI270304.1	2165
KI270418.1	2145
KI270424.1	2140
KI270417.1	2043
KI270508.1	1951
KI270303.1	1942
KI270381.1	1930
KI270529.1	1899
KI270425.1	1884
KI270396.1	1880
KI270363.1	1803
KI270386.1	1788
KI270465.1	1774
KI270383.1	1750
KI270384.1	1658
KI270330.1	1652
KI270372.1	1650
KI270548.1	1599
KI270580.1	1553
KI270387.1	1537
KI270391.1	1484
KI270305.1	1472
KI270373.1	1451
KI270422.1	1445
KI270316.1	1444
KI270340.1	1428
KI270338.1	1428
KI270583.1	1400
KI270334.1	1368
KI270429.1	1361
KI270393.1	1308
KI270516.1	1300
KI270389.1	1298
KI270466.1	1233
KI270388.1	1216
KI270544.1	1202
KI270310.1	1201
KI270412.1	1179
KI270395.1	1143
KI270376.1	1136
KI270337.1	1121
KI270335.1	1048
KI270378.1	1048
KI270379.1	1045
KI270329.1	1040
KI270419.1	1029
KI270336.1	1026
KI270312.1	998
KI270539.1	993
KI270385.1	990
KI270423.1	981
KI270392.1	971
KI270394.1	970
Genome sequence total length = 3099750718
Genome size with padding = 3138387968
Aug 01 12:49:12 ..... processing annotations GTF
Processing pGe.sjdbGTFfile=/genome_dir/Homo_sapiens.GRCh38.108.filtered.gtf, found:
		227665 transcripts
		1599404 exons (non-collapsed)
		389107 collapsed junctions
Total junctions: 389107
Aug 01 12:51:11 ..... finished GTF processing

Estimated genome size with padding and SJs: total=genome+SJ=3437387968 = 3138387968 + 299000000
GstrandBit=32
Number of SA indices: 5891698134
Aug 01 12:51:29 ... starting to sort Suffix Array. This may take a long time...
Number of chunks: 59;   chunks size limit: 927120888 bytes
Aug 01 12:51:49 ... sorting Suffix Array chunks and saving them to disk...
Writing 638473776 bytes into /genome_dir/genome_build//SA_13 ; empty space on disk = 2129339365720064 bytes ... done
Writing 725537968 bytes into /genome_dir/genome_build//SA_0 ; empty space on disk = 2129329936924672 bytes ... done
Writing 830659752 bytes into /genome_dir/genome_build//SA_11 ; empty space on disk = 2129315416244224 bytes ... done
Writing 822349248 bytes into /genome_dir/genome_build//SA_5 ; empty space on disk = 2129309535830016 bytes ... done
Writing 702870440 bytes into /genome_dir/genome_build//SA_6 ; empty space on disk = 2129308898295808 bytes ... done
Writing 726806280 bytes into /genome_dir/genome_build//SA_14 ; empty space on disk = 2129307237351424 bytes ... done
Writing 617221088 bytes into /genome_dir/genome_build//SA_1 ; empty space on disk = 2129306234912768 bytes ... done
Writing 912078512 bytes into /genome_dir/genome_build//SA_2 ; empty space on disk = 2129303005298688 bytes ... done
Writing 799799536 bytes into /genome_dir/genome_build//SA_4 ; empty space on disk = 2129300635516928 bytes ... done
Writing 843039680 bytes into /genome_dir/genome_build//SA_15 ; empty space on disk = 2129298873909248 bytes ... done
Writing 761220208 bytes into /genome_dir/genome_build//SA_8 ; empty space on disk = 2129295740764160 bytes ... done
Writing 915513920 bytes into /genome_dir/genome_build//SA_7 ; empty space on disk = 2129293828161536 bytes ... done
Writing 761220608 bytes into /genome_dir/genome_build//SA_12 ; empty space on disk = 2129292318212096 bytes ... done
Writing 887935104 bytes into /genome_dir/genome_build//SA_10 ; empty space on disk = 2129292318212096 bytes ... done
Writing 750448008 bytes into /genome_dir/genome_build//SA_3 ; empty space on disk = 2129291676483584 bytes ... done
Writing 818736232 bytes into /genome_dir/genome_build//SA_9 ; empty space on disk = 2129272621760512 bytes ... done
Writing 751974344 bytes into /genome_dir/genome_build//SA_16 ; empty space on disk = 2129247040700416 bytes ... done
Writing 670799584 bytes into /genome_dir/genome_build//SA_17 ; empty space on disk = 2129230431256576 bytes ... done
Writing 893996152 bytes into /genome_dir/genome_build//SA_23 ; empty space on disk = 2129220541087744 bytes ... done
Writing 923348600 bytes into /genome_dir/genome_build//SA_24 ; empty space on disk = 2129211401699328 bytes ...Writing 790049016 bytes into /genome_dir/genome_build//SA_21 ; empty space on disk = 2129211401699328 bytes ...Writing 790049016 bytes into /genome_dir/genome_build//SA_21 ; empty space on disk = 2129211401699328 bytes ... done
 done
Writing 679101272 bytes into /genome_dir/genome_build//SA_22 ; empty space on disk = 2129210013384704 bytes ... done
Writing 746089376 bytes into /genome_dir/genome_build//SA_20 ; empty space on disk = 2129209073860608 bytes ... done
Writing 767501096 bytes into /genome_dir/genome_build//SA_31 ; empty space on disk = 2129200060301312 bytes ... done
Writing 710575720 bytes into /genome_dir/genome_build//SA_19 ; empty space on disk = 2129200060301312 bytes ... done
Writing 898515744 bytes into /genome_dir/genome_build//SA_18 ; empty space on disk = 2129182523916288 bytes ... done
Writing 751863376 bytes into /genome_dir/genome_build//SA_27 ; empty space on disk = 2129179386576896 bytes ... done
Writing 902146840 bytes into /genome_dir/genome_build//SA_28 ; empty space on disk = 2129175892721664 bytes ... done
Writing 914053600 bytes into /genome_dir/genome_build//SA_26 ; empty space on disk = 2129175422959616 bytes ... done
Writing 871197824 bytes into /genome_dir/genome_build//SA_25 ; empty space on disk = 2129163464998912 bytes ... done
Writing 890892408 bytes into /genome_dir/genome_build//SA_30 ; empty space on disk = 2129160881307648 bytes ... done
Writing 797758016 bytes into /genome_dir/genome_build//SA_32 ; empty space on disk = 2129149225336832 bytes ...Writing 907764448 bytes into /genome_dir/genome_build//SA_29 ; empty space on disk = 2129149061758976 bytes ... done
 done
Writing 865527632 bytes into /genome_dir/genome_build//SA_33 ; empty space on disk = 2129139138035712 bytes ... done
Writing 750618656 bytes into /genome_dir/genome_build//SA_36 ; empty space on disk = 2129113733136384 bytes ... done
Writing 908644224 bytes into /genome_dir/genome_build//SA_37 ; empty space on disk = 2129110386081792 bytes ... done
Writing 744402136 bytes into /genome_dir/genome_build//SA_34 ; empty space on disk = 2129107525566464 bytes ... done
Writing 804325544 bytes into /genome_dir/genome_build//SA_38 ; empty space on disk = 2129107341017088 bytes ... done
Writing 798671672 bytes into /genome_dir/genome_build//SA_39 ; empty space on disk = 2129102739865600 bytes ... done
Writing 735648744 bytes into /genome_dir/genome_build//SA_35 ; empty space on disk = 2129099367645184 bytes ... done
Writing 787160672 bytes into /genome_dir/genome_build//SA_40 ; empty space on disk = 2129094493863936 bytes ... done
Writing 617981320 bytes into /genome_dir/genome_build//SA_44 ; empty space on disk = 2129091046146048 bytes ... done
Writing 916516816 bytes into /genome_dir/genome_build//SA_42 ; empty space on disk = 2129079365009408 bytes ... done
Writing 803665736 bytes into /genome_dir/genome_build//SA_43 ; empty space on disk = 2129070229815296 bytes ... done
Writing 803569512 bytes into /genome_dir/genome_build//SA_41 ; empty space on disk = 2129060624859136 bytes ... done
Writing 794585424 bytes into /genome_dir/genome_build//SA_45 ; empty space on disk = 2129050835353600 bytes ... done
Writing 853648240 bytes into /genome_dir/genome_build//SA_47 ; empty space on disk = 2129050394951680 bytes ... done
Writing 923178264 bytes into /genome_dir/genome_build//SA_46 ; empty space on disk = 2129048348131328 bytes ... done
Writing 862525256 bytes into /genome_dir/genome_build//SA_49 ; empty space on disk = 2129046968205312 bytes ... done
Writing 658186296 bytes into /genome_dir/genome_build//SA_53 ; empty space on disk = 2129046888513536 bytes ... done
Writing 894746832 bytes into /genome_dir/genome_build//SA_48 ; empty space on disk = 2129022037262336 bytes ... done
Writing 837749536 bytes into /genome_dir/genome_build//SA_51 ; empty space on disk = 2129022146314240 bytes ... done
Writing 864866880 bytes into /genome_dir/genome_build//SA_50 ; empty space on disk = 2129021378756608 bytes ... done
Writing 572150904 bytes into /genome_dir/genome_build//SA_54 ; empty space on disk = 2129013866758144 bytes ... done
Writing 855747696 bytes into /genome_dir/genome_build//SA_56 ; empty space on disk = 2129008078618624 bytes ... done
Writing 864740504 bytes into /genome_dir/genome_build//SA_52 ; empty space on disk = 2129006602223616 bytes ... done
Writing 800620208 bytes into /genome_dir/genome_build//SA_55 ; empty space on disk = 2128993268531200 bytes ... done
Writing 725545584 bytes into /genome_dir/genome_build//SA_58 ; empty space on disk = 2128989086810112 bytes ... done
Writing 707023008 bytes into /genome_dir/genome_build//SA_57 ; empty space on disk = 2128962507505664 bytes ... done
Aug 01 13:12:56 ... loading chunks from disk, packing SA...
Aug 01 13:14:21 ... finished generating suffix array
Aug 01 13:14:21 ... generating Suffix Array index
Aug 01 13:20:53 ... completed Suffix Array index
Aug 01 13:21:14   Finished preparing junctions
Aug 01 13:21:14 ..... inserting junctions into the genome indices
Aug 01 13:22:36   Finished SA search: number of new junctions=389069, old junctions=0
Aug 01 13:24:52   Finished sorting SA indicesL nInd=231882418
Genome size with junctions=3254719599  3138387968   116331631
GstrandBit1=32   GstrandBit=32
Aug 01 13:26:35   Finished inserting junction indices
Aug 01 13:27:41   Finished SAi
Aug 01 13:27:41 ..... finished inserting junctions into genome
Aug 01 13:27:42 ... writing Genome to disk ...
Writing 3254719599 bytes into /genome_dir/genome_build//Genome ; empty space on disk = 2128772211933184 bytes ... done
SA size in bytes: 25259769780
Aug 01 13:27:45 ... writing Suffix Array to disk ...
Writing 25259769780 bytes into /genome_dir/genome_build//SA ; empty space on disk = 2128770261581824 bytes ... done
Aug 01 13:28:06 ... writing SAindex to disk
Writing 8 bytes into /genome_dir/genome_build//SAindex ; empty space on disk = 2128767371706368 bytes ... done
Writing 120 bytes into /genome_dir/genome_build//SAindex ; empty space on disk = 2128767371706368 bytes ... done
Writing 1565873491 bytes into /genome_dir/genome_build//SAindex ; empty space on disk = 2128767371706368 bytes ... done
Aug 01 13:28:11 ..... finished successfully
DONE: Genome generation, EXITING
